{"C:\\Users\\Douglas\\showMeTheCode\\user_posts_api\\asyncawait\\src\\app\\services\\fetcher.js": {"path":"C:\\Users\\Douglas\\showMeTheCode\\user_posts_api\\asyncawait\\src\\app\\services\\fetcher.js","statementMap":{"0":{"start":{"line":1,"column":0},"end":{"line":1,"column":36}},"1":{"start":{"line":2,"column":0},"end":{"line":2,"column":0}},"2":{"start":{"line":3,"column":0},"end":{"line":3,"column":15}},"3":{"start":{"line":4,"column":0},"end":{"line":4,"column":0}},"4":{"start":{"line":5,"column":0},"end":{"line":5,"column":107}},"5":{"start":{"line":6,"column":0},"end":{"line":6,"column":93}},"6":{"start":{"line":7,"column":0},"end":{"line":7,"column":81}},"7":{"start":{"line":8,"column":0},"end":{"line":8,"column":0}},"8":{"start":{"line":9,"column":0},"end":{"line":9,"column":35}},"9":{"start":{"line":10,"column":0},"end":{"line":10,"column":58}},"10":{"start":{"line":11,"column":0},"end":{"line":11,"column":31}},"11":{"start":{"line":12,"column":0},"end":{"line":12,"column":19}},"12":{"start":{"line":13,"column":0},"end":{"line":13,"column":6}},"13":{"start":{"line":14,"column":0},"end":{"line":14,"column":0}},"14":{"start":{"line":15,"column":0},"end":{"line":15,"column":33}},"15":{"start":{"line":16,"column":0},"end":{"line":16,"column":56}},"16":{"start":{"line":17,"column":0},"end":{"line":17,"column":31}},"17":{"start":{"line":18,"column":0},"end":{"line":18,"column":19}},"18":{"start":{"line":19,"column":0},"end":{"line":19,"column":6}},"19":{"start":{"line":20,"column":0},"end":{"line":20,"column":0}},"20":{"start":{"line":21,"column":0},"end":{"line":21,"column":29}},"21":{"start":{"line":22,"column":0},"end":{"line":22,"column":53}},"22":{"start":{"line":23,"column":0},"end":{"line":23,"column":31}},"23":{"start":{"line":24,"column":0},"end":{"line":24,"column":19}},"24":{"start":{"line":25,"column":0},"end":{"line":25,"column":6}},"25":{"start":{"line":26,"column":0},"end":{"line":26,"column":0}},"26":{"start":{"line":27,"column":0},"end":{"line":27,"column":2}},"27":{"start":{"line":28,"column":0},"end":{"line":28,"column":0}},"28":{"start":{"line":29,"column":0},"end":{"line":29,"column":25}}},"s":{"0":1,"1":1,"2":1,"3":1,"4":1,"5":0,"6":0,"7":1,"8":1,"9":0,"10":0,"11":0,"12":0,"13":1,"14":1,"15":0,"16":0,"17":0,"18":0,"19":1,"20":1,"21":0,"22":0,"23":0,"24":0,"25":1,"26":1,"27":1,"28":1},"branchMap":{"0":{"type":"branch","line":29,"loc":{"start":{"line":29,"column":25},"end":{"line":29,"column":25}},"locations":[{"start":{"line":29,"column":25},"end":{"line":29,"column":25}}]},"1":{"type":"branch","line":5,"loc":{"start":{"line":5,"column":4},"end":{"line":7,"column":81}},"locations":[{"start":{"line":5,"column":4},"end":{"line":7,"column":81}}]}},"b":{"0":[1],"1":[0]},"fnMap":{"0":{"name":"<instance_members_initializer>","decl":{"start":{"line":5,"column":4},"end":{"line":7,"column":81}},"loc":{"start":{"line":5,"column":4},"end":{"line":7,"column":81}},"line":5},"1":{"name":"fetchPosts","decl":{"start":{"line":9,"column":4},"end":{"line":13,"column":6}},"loc":{"start":{"line":9,"column":4},"end":{"line":13,"column":6}},"line":9},"2":{"name":"fetchComments","decl":{"start":{"line":15,"column":4},"end":{"line":19,"column":6}},"loc":{"start":{"line":15,"column":4},"end":{"line":19,"column":6}},"line":15},"3":{"name":"fetchUser","decl":{"start":{"line":21,"column":4},"end":{"line":25,"column":6}},"loc":{"start":{"line":21,"column":4},"end":{"line":25,"column":6}},"line":21}},"f":{"0":0,"1":0,"2":0,"3":0}}
}
