TN:
SF:src\app\services\fetcher.js
FN:5,<instance_members_initializer>
FN:9,fetchPosts
FN:15,fetchComments
FN:21,fetchUser
FNF:4
FNH:0
FNDA:0,<instance_members_initializer>
FNDA:0,fetchPosts
FNDA:0,fetchComments
FNDA:0,fetchUser
DA:1,1
DA:2,1
DA:3,1
DA:4,1
DA:5,1
DA:6,0
DA:7,0
DA:8,1
DA:9,1
DA:10,0
DA:11,0
DA:12,0
DA:13,0
DA:14,1
DA:15,1
DA:16,0
DA:17,0
DA:18,0
DA:19,0
DA:20,1
DA:21,1
DA:22,0
DA:23,0
DA:24,0
DA:25,0
DA:26,1
DA:27,1
DA:28,1
DA:29,1
LF:29
LH:15
BRDA:29,0,0,1
BRDA:5,1,0,0
BRF:2
BRH:1
end_of_record
