TN:
SF:src\app\controllers\FetchController.js
FN:5,<instance_members_initializer>
FN:11,getPostIds
FN:19,getUserIds
FN:27,appendUsersToPost
FN:34,appendCommentsToPost
FN:46,work
FNF:6
FNH:6
FNDA:3,<instance_members_initializer>
FNDA:7,getPostIds
FNDA:2,getUserIds
FNDA:1,appendUsersToPost
FNDA:6,appendCommentsToPost
FNDA:1,work
DA:1,1
DA:2,1
DA:3,1
DA:4,1
DA:5,1
DA:6,3
DA:7,3
DA:8,3
DA:9,3
DA:10,1
DA:11,1
DA:12,7
DA:13,7
DA:14,7
DA:15,7
DA:16,7
DA:17,7
DA:18,1
DA:19,1
DA:20,2
DA:21,2
DA:22,2
DA:23,2
DA:24,2
DA:25,2
DA:26,1
DA:27,1
DA:28,1
DA:29,115
DA:30,115
DA:31,1
DA:32,1
DA:33,1
DA:34,1
DA:35,6
DA:36,6
DA:37,6
DA:38,115
DA:39,115
DA:40,115
DA:41,115
DA:42,6
DA:43,6
DA:44,6
DA:45,1
DA:46,1
DA:47,1
DA:48,1
DA:49,1
DA:50,6
DA:51,6
DA:52,6
DA:53,6
DA:54,6
DA:55,6
DA:56,6
DA:57,6
DA:58,6
DA:59,6
DA:60,2
DA:61,2
DA:62,6
DA:63,1
DA:64,1
DA:65,1
DA:66,1
DA:67,1
DA:68,1
DA:69,1
DA:70,1
DA:71,0
DA:72,1
DA:73,1
DA:74,1
DA:75,1
LF:75
LH:74
BRDA:75,0,0,1
BRDA:5,1,0,3
BRDA:11,2,0,7
BRDA:14,3,0,135
BRDA:19,4,0,2
BRDA:21,5,0,135
BRDA:27,6,0,1
BRDA:28,7,0,115
BRDA:29,8,0,1150
BRDA:34,9,0,6
BRDA:37,10,0,115
BRDA:46,11,0,1
BRDA:49,12,0,6
BRDA:59,13,0,2
BRDA:70,14,0,0
BRF:15
BRH:14
end_of_record
TN:
SF:src\app\utils\fetcher.js
FN:6,<instance_members_initializer>
FN:6,postsUrl
FN:8,fetchPosts
FN:17,<instance_members_initializer>
FN:17,commentsUrl
FN:19,commentsByPost
FN:25,commentsByList
FN:38,<instance_members_initializer>
FN:38,usersUrl
FN:40,fetchUser
FN:46,usersByList
FNF:11
FNH:11
FNDA:6,<instance_members_initializer>
FNDA:9,postsUrl
FNDA:9,fetchPosts
FNDA:4,<instance_members_initializer>
FNDA:118,commentsUrl
FNDA:118,commentsByPost
FNDA:7,commentsByList
FNDA:4,<instance_members_initializer>
FNDA:13,usersUrl
FNDA:13,fetchUser
FNDA:2,usersByList
DA:1,1
DA:2,1
DA:3,1
DA:4,1
DA:5,1
DA:6,1
DA:7,1
DA:8,1
DA:9,9
DA:10,9
DA:11,9
DA:12,0
DA:13,1
DA:14,1
DA:15,1
DA:16,1
DA:17,1
DA:18,1
DA:19,1
DA:20,118
DA:21,118
DA:22,118
DA:23,0
DA:24,1
DA:25,1
DA:26,7
DA:27,7
DA:28,118
DA:29,118
DA:30,7
DA:31,7
DA:32,0
DA:33,1
DA:34,1
DA:35,1
DA:36,1
DA:37,1
DA:38,1
DA:39,1
DA:40,1
DA:41,13
DA:42,13
DA:43,13
DA:44,0
DA:45,1
DA:46,1
DA:47,2
DA:48,2
DA:49,13
DA:50,13
DA:51,2
DA:52,2
DA:53,2
DA:54,0
DA:55,1
DA:56,1
DA:57,1
DA:58,1
LF:58
LH:53
BRDA:58,0,0,2
BRDA:6,1,0,6
BRDA:6,2,0,9
BRDA:8,3,0,9
BRDA:11,4,0,0
BRDA:17,5,0,4
BRDA:17,6,0,118
BRDA:19,7,0,118
BRDA:22,8,0,0
BRDA:25,9,0,7
BRDA:31,10,0,0
BRDA:27,11,0,118
BRDA:38,12,0,4
BRDA:38,13,0,13
BRDA:40,14,0,13
BRDA:43,15,0,0
BRDA:46,16,0,2
BRDA:53,17,0,0
BRDA:48,18,0,13
BRF:19
BRH:14
end_of_record
